# JRE version: OpenJDK Runtime Environment (16.0.1+9) (build 16.0.1+9-24)
# Java VM: OpenJDK 64-Bit Server VM (16.0.1+9-24, mixed mode, tiered, compressed oops, compressed class ptrs, g1 gc, windows-amd64)
GC Precious Log:
 CPUs: 8 total, 8 available
 Memory: 3982M
 Large Page Support: Disabled
 NUMA Support: Disabled
 Compressed Oops: Enabled (32-bit)
 Heap Region Size: 1M
 Heap Min Capacity: 8M
 Heap Initial Capacity: 64M
 Heap Max Capacity: 996M
 Pre-touch: Disabled
 Parallel Workers: 8
 Concurrent Workers: 2
 Concurrent Refinement Workers: 8
 Periodic GC: Disabled
Heap:
 garbage-first heap   total 139264K, used 57314K [0x00000000c1c00000, 0x0000000100000000)
  region size 1024K, 32 young (32768K), 8 survivors (8192K)
 Metaspace       used 75657K, committed 76096K, reserved 1122304K
  class space    used 10190K, committed 10432K, reserved 1048576K
GC Heap History (20 events):
Event: 3.182 GC heap before
{Heap before GC invocations=11 (full 0):
 garbage-first heap   total 61440K, used 46312K [0x00000000c1c00000, 0x0000000100000000)
  region size 1024K, 36 young (36864K), 5 survivors (5120K)
 Metaspace       used 38655K, committed 38976K, reserved 1089536K
  class space    used 4960K, committed 5120K, reserved 1048576K
}
Event: 3.186 GC heap after
{Heap after GC invocations=12 (full 0):
 garbage-first heap   total 61440K, used 17682K [0x00000000c1c00000, 0x0000000100000000)
  region size 1024K, 4 young (4096K), 4 survivors (4096K)
 Metaspace       used 38655K, committed 38976K, reserved 1089536K
  class space    used 4960K, committed 5120K, reserved 1048576K
}
Event: 3.198 GC heap before
{Heap before GC invocations=12 (full 0):
 garbage-first heap   total 61440K, used 46354K [0x00000000c1c00000, 0x0000000100000000)
  region size 1024K, 33 young (33792K), 4 survivors (4096K)
 Metaspace       used 38655K, committed 38976K, reserved 1089536K
  class space    used 4960K, committed 5120K, reserved 1048576K
}
Event: 3.201 GC heap after
{Heap after GC invocations=13 (full 0):
 garbage-first heap   total 77824K, used 18000K [0x00000000c1c00000, 0x0000000100000000)
  region size 1024K, 3 young (3072K), 3 survivors (3072K)
 Metaspace       used 38655K, committed 38976K, reserved 1089536K
  class space    used 4960K, committed 5120K, reserved 1048576K
}
Event: 3.262 GC heap before
{Heap before GC invocations=13 (full 0):
 garbage-first heap   total 77824K, used 59984K [0x00000000c1c00000, 0x0000000100000000)
  region size 1024K, 45 young (46080K), 3 survivors (3072K)
 Metaspace       used 39103K, committed 39488K, reserved 1089536K
  class space    used 5000K, committed 5184K, reserved 1048576K
}
Event: 3.264 GC heap after
{Heap after GC invocations=14 (full 0):
 garbage-first heap   total 77824K, used 18160K [0x00000000c1c00000, 0x0000000100000000)
  region size 1024K, 3 young (3072K), 3 survivors (3072K)
 Metaspace       used 39103K, committed 39488K, reserved 1089536K
  class space    used 5000K, committed 5184K, reserved 1048576K
}
Event: 4.170 GC heap before
{Heap before GC invocations=14 (full 0):
 garbage-first heap   total 77824K, used 60144K [0x00000000c1c00000, 0x0000000100000000)
  region size 1024K, 45 young (46080K), 3 survivors (3072K)
 Metaspace       used 46828K, committed 47232K, reserved 1097728K
  class space    used 6145K, committed 6336K, reserved 1048576K
}
Event: 4.174 GC heap after
{Heap after GC invocations=15 (full 0):
 garbage-first heap   total 77824K, used 20241K [0x00000000c1c00000, 0x0000000100000000)
  region size 1024K, 5 young (5120K), 5 survivors (5120K)
 Metaspace       used 46828K, committed 47232K, reserved 1097728K
  class space    used 6145K, committed 6336K, reserved 1048576K
}
Event: 4.955 GC heap before
{Heap before GC invocations=15 (full 0):
 garbage-first heap   total 77824K, used 61201K [0x00000000c1c00000, 0x0000000100000000)
  region size 1024K, 45 young (46080K), 5 survivors (5120K)
 Metaspace       used 54197K, committed 54528K, reserved 1097728K
  class space    used 7109K, committed 7296K, reserved 1048576K
}
Event: 4.961 GC heap after
{Heap after GC invocations=16 (full 0):
 garbage-first heap   total 77824K, used 23537K [0x00000000c1c00000, 0x0000000100000000)
  region size 1024K, 6 young (6144K), 6 survivors (6144K)
 Metaspace       used 54197K, committed 54528K, reserved 1097728K
  class space    used 7109K, committed 7296K, reserved 1048576K
}
Event: 5.445 GC heap before
{Heap before GC invocations=16 (full 0):
 garbage-first heap   total 77824K, used 55281K [0x00000000c1c00000, 0x0000000100000000)
  region size 1024K, 38 young (38912K), 6 survivors (6144K)
 Metaspace       used 59623K, committed 59968K, reserved 1105920K
  class space    used 7930K, committed 8064K, reserved 1048576K
}
Event: 5.451 GC heap after
{Heap after GC invocations=17 (full 0):
 garbage-first heap   total 77824K, used 24814K [0x00000000c1c00000, 0x0000000100000000)
  region size 1024K, 2 young (2048K), 2 survivors (2048K)
 Metaspace       used 59623K, committed 59968K, reserved 1105920K
  class space    used 7930K, committed 8064K, reserved 1048576K
}
Event: 6.219 GC heap before
{Heap before GC invocations=18 (full 0):
 garbage-first heap   total 77824K, used 61678K [0x00000000c1c00000, 0x0000000100000000)
  region size 1024K, 38 young (38912K), 2 survivors (2048K)
 Metaspace       used 64691K, committed 65152K, reserved 1105920K
  class space    used 8651K, committed 8896K, reserved 1048576K
}
Event: 6.223 GC heap after
{Heap after GC invocations=19 (full 0):
 garbage-first heap   total 77824K, used 27276K [0x00000000c1c00000, 0x0000000100000000)
  region size 1024K, 4 young (4096K), 4 survivors (4096K)
 Metaspace       used 64691K, committed 65152K, reserved 1105920K
  class space    used 8651K, committed 8896K, reserved 1048576K
}
Event: 6.638 GC heap before
{Heap before GC invocations=19 (full 0):
 garbage-first heap   total 77824K, used 62092K [0x00000000c1c00000, 0x0000000100000000)
  region size 1024K, 38 young (38912K), 4 survivors (4096K)
 Metaspace       used 68121K, committed 68544K, reserved 1114112K
  class space    used 9176K, committed 9408K, reserved 1048576K
}
Event: 6.643 GC heap after
{Heap after GC invocations=20 (full 0):
 garbage-first heap   total 77824K, used 29510K [0x00000000c1c00000, 0x0000000100000000)
  region size 1024K, 3 young (3072K), 3 survivors (3072K)
 Metaspace       used 68121K, committed 68544K, reserved 1114112K
  class space    used 9176K, committed 9408K, reserved 1048576K
}
Event: 18.609 GC heap before
{Heap before GC invocations=20 (full 0):
 garbage-first heap   total 77824K, used 61254K [0x00000000c1c00000, 0x0000000100000000)
  region size 1024K, 34 young (34816K), 3 survivors (3072K)
 Metaspace       used 70956K, committed 71424K, reserved 1114112K
  class space    used 9591K, committed 9856K, reserved 1048576K
}
Event: 18.615 GC heap after
{Heap after GC invocations=21 (full 0):
 garbage-first heap   total 139264K, used 31715K [0x00000000c1c00000, 0x0000000100000000)
  region size 1024K, 5 young (5120K), 5 survivors (5120K)
 Metaspace       used 70956K, committed 71424K, reserved 1114112K
  class space    used 9591K, committed 9856K, reserved 1048576K
}
Event: 156.852 GC heap before
{Heap before GC invocations=21 (full 0):
 garbage-first heap   total 139264K, used 102371K [0x00000000c1c00000, 0x0000000100000000)
  region size 1024K, 75 young (76800K), 5 survivors (5120K)
 Metaspace       used 75009K, committed 75520K, reserved 1122304K
  class space    used 10104K, committed 10368K, reserved 1048576K
}
Event: 156.890 GC heap after
{Heap after GC invocations=22 (full 0):
 garbage-first heap   total 139264K, used 34786K [0x00000000c1c00000, 0x0000000100000000)
  region size 1024K, 8 young (8192K), 8 survivors (8192K)
 Metaspace       used 75009K, committed 75520K, reserved 1122304K
  class space    used 10104K, committed 10368K, reserved 1048576K
}

